<?xml version="1.0" encoding="UTF-8"?>
<!-- Generated by org.testng.reporters.JUnitXMLReporter -->
<testsuite ignored="0" hostname="DESKTOP-TQ5Q620" failures="0" tests="3" name="Protrainingtech" time="13.311" errors="0" timestamp="2021-08-19T21:18:32 EDT">
  <testcase classname="Protrainingtech.Automation.Protrainingautomation" name="f" time="1.55"/>
  <testcase classname="Protrainingtech.Automation.Protrainingautomation" name="groups" time="0.001"/>
  <testcase classname="Protrainingtech.Automation.Protrainingautomation" name="town" time="0.001"/>
</testsuite> <!-- Protrainingtech -->
