<?xml version="1.0" encoding="UTF-8"?>
<testng-results ignored="0" total="3" passed="3" failed="0" skipped="0">
  <reporter-output>
  </reporter-output>
  <suite started-at="2021-08-19T21:18:19 EDT" name="Adhoc" finished-at="2021-08-19T21:18:32 EDT" duration-ms="13311">
    <groups>
      <group name="Negative">
        <method signature="Protrainingautomation.town()[pri:0, instance:Protrainingtech.Automation.Protrainingautomation@4a22f9e2]" name="town" class="Protrainingtech.Automation.Protrainingautomation"/>
      </group> <!-- Negative -->
      <group name="Positive">
        <method signature="Protrainingautomation.f()[pri:0, instance:Protrainingtech.Automation.Protrainingautomation@4a22f9e2]" name="f" class="Protrainingtech.Automation.Protrainingautomation"/>
        <method signature="Protrainingautomation.groups()[pri:0, instance:Protrainingtech.Automation.Protrainingautomation@4a22f9e2]" name="groups" class="Protrainingtech.Automation.Protrainingautomation"/>
        <method signature="Protrainingautomation.town()[pri:0, instance:Protrainingtech.Automation.Protrainingautomation@4a22f9e2]" name="town" class="Protrainingtech.Automation.Protrainingautomation"/>
      </group> <!-- Positive -->
      <group name="Adhoc">
        <method signature="Protrainingautomation.f()[pri:0, instance:Protrainingtech.Automation.Protrainingautomation@4a22f9e2]" name="f" class="Protrainingtech.Automation.Protrainingautomation"/>
      </group> <!-- Adhoc -->
    </groups>
    <test started-at="2021-08-19T21:18:19 EDT" name="Protrainingtech" finished-at="2021-08-19T21:18:32 EDT" duration-ms="13311">
      <class name="Protrainingtech.Automation.Protrainingautomation">
        <test-method is-config="true" signature="name(java.lang.String,java.lang.String)[pri:0, instance:Protrainingtech.Automation.Protrainingautomation@4a22f9e2]" started-at="2021-08-19T21:18:19 EDT" name="name" finished-at="2021-08-19T21:18:29 EDT" duration-ms="9526" status="PASS">
          <params>
            <param index="0">
              <value>
                <![CDATA[Chrome]]>
              </value>
            </param>
            <param index="1">
              <value>
                <![CDATA[https://www.giantfood.com/]]>
              </value>
            </param>
          </params>
          <reporter-output>
          </reporter-output>
        </test-method> <!-- name -->
        <test-method signature="f()[pri:0, instance:Protrainingtech.Automation.Protrainingautomation@4a22f9e2]" started-at="2021-08-19T21:18:29 EDT" name="f" finished-at="2021-08-19T21:18:30 EDT" duration-ms="1550" status="PASS">
          <reporter-output>
          </reporter-output>
        </test-method> <!-- f -->
        <test-method signature="groups()[pri:0, instance:Protrainingtech.Automation.Protrainingautomation@4a22f9e2]" started-at="2021-08-19T21:18:31 EDT" name="groups" finished-at="2021-08-19T21:18:31 EDT" duration-ms="1" status="PASS">
          <reporter-output>
          </reporter-output>
        </test-method> <!-- groups -->
        <test-method signature="town()[pri:0, instance:Protrainingtech.Automation.Protrainingautomation@4a22f9e2]" started-at="2021-08-19T21:18:31 EDT" name="town" finished-at="2021-08-19T21:18:31 EDT" duration-ms="1" status="PASS">
          <reporter-output>
          </reporter-output>
        </test-method> <!-- town -->
        <test-method is-config="true" signature="close()[pri:0, instance:Protrainingtech.Automation.Protrainingautomation@4a22f9e2]" started-at="2021-08-19T21:18:32 EDT" name="close" finished-at="2021-08-19T21:18:32 EDT" duration-ms="475" status="PASS">
          <reporter-output>
          </reporter-output>
        </test-method> <!-- close -->
      </class> <!-- Protrainingtech.Automation.Protrainingautomation -->
    </test> <!-- Protrainingtech -->
  </suite> <!-- Adhoc -->
</testng-results>
